<?xml version="1.0" encoding="UTF-8"?>
<!-- Generated by org.testng.reporters.JUnitXMLReporter -->
<testsuite ignored="4" hostname="DESKTOP-F0F8EOM" failures="0" tests="3" name="Test" time="16.748" errors="0" timestamp="2024-07-13T02:37:50 IST">
  <testcase classname="assignment.TestCases.AmazonTest" name="@BeforeClass setup" time="0.007">
    <failure type="java.lang.NullPointerException" message="Cannot invoke &amp;quot;com.aventstack.extentreports.ExtentReports.createTest(String)&amp;quot; because &amp;quot;this.extent&amp;quot; is null">
      <![CDATA[java.lang.NullPointerException: Cannot invoke "com.aventstack.extentreports.ExtentReports.createTest(String)" because "this.extent" is null
at assignment.TestCases.AmazonTest.setup(AmazonTest.java:26)
at java.base/java.util.ArrayList.forEach(ArrayList.java:1511)
... Removed 25 stack frames]]>
    </failure>
  </testcase> <!-- @BeforeClass setup -->
  <testcase classname="assignment.E_CommercePages.BaseClass" name="@AfterMethod captureScreenshot" time="0.0">
    <skipped/>
  </testcase> <!-- @AfterMethod captureScreenshot -->
  <testcase classname="assignment.E_CommercePages.BaseClass" name="@AfterClass teardown" time="0.0">
    <skipped/>
  </testcase> <!-- @AfterClass teardown -->
  <testcase classname="assignment.TestCases.priceCompareTest" name="@BeforeClass setup" time="0.0">
    <failure type="java.lang.NullPointerException" message="Cannot invoke &amp;quot;com.aventstack.extentreports.ExtentReports.createTest(String)&amp;quot; because &amp;quot;this.extent&amp;quot; is null">
      <![CDATA[java.lang.NullPointerException: Cannot invoke "com.aventstack.extentreports.ExtentReports.createTest(String)" because "this.extent" is null
at assignment.TestCases.priceCompareTest.setup(priceCompareTest.java:24)
at java.base/java.util.ArrayList.forEach(ArrayList.java:1511)
... Removed 25 stack frames]]>
    </failure>
  </testcase> <!-- @BeforeClass setup -->
  <testcase classname="assignment.E_CommercePages.BaseClass" name="@AfterMethod captureScreenshot" time="0.0">
    <skipped/>
  </testcase> <!-- @AfterMethod captureScreenshot -->
  <testcase classname="assignment.E_CommercePages.BaseClass" name="@AfterClass teardown" time="0.0">
    <skipped/>
  </testcase> <!-- @AfterClass teardown -->
  <testcase classname="assignment.TestCases.FlipkartTest" name="FlipkartTask" time="11.3"/>
  <testcase classname="assignment.TestCases.AmazonTest" name="AmazonTask" time="0.001">
    <skipped/>
  </testcase> <!-- AmazonTask -->
  <testcase classname="assignment.TestCases.priceCompareTest" name="comparePrices" time="0.0">
    <skipped/>
  </testcase> <!-- comparePrices -->
  <testcase classname="assignment.E_CommercePages.BaseClass" name="@BeforeTest setupExtent" time="0.0">
    <ignored/>
  </testcase> <!-- @BeforeTest setupExtent -->
  <testcase classname="assignment.E_CommercePages.BaseClass" name="@BeforeTest setupExtent" time="0.0">
    <ignored/>
  </testcase> <!-- @BeforeTest setupExtent -->
  <testcase classname="assignment.E_CommercePages.BaseClass" name="@AfterTest tearDownExtent" time="0.0">
    <ignored/>
  </testcase> <!-- @AfterTest tearDownExtent -->
  <testcase classname="assignment.E_CommercePages.BaseClass" name="@AfterTest tearDownExtent" time="0.0">
    <ignored/>
  </testcase> <!-- @AfterTest tearDownExtent -->
</testsuite> <!-- Test -->
